<?xml version="1.0" encoding="UTF-8"?>
<testsuite xmlns:xsi="http://www.w3.org/2001/XMLSchema-instance" xsi:noNamespaceSchemaLocation="https://maven.apache.org/surefire/maven-surefire-plugin/xsd/surefire-test-report.xsd" name="com.instagram.AppTest" time="0.082" tests="1" errors="0" skipped="0" failures="0">
  <properties>
    <property name="java.specification.version" value="17"/>
    <property name="sun.cpu.isalist" value="amd64"/>
    <property name="sun.jnu.encoding" value="Cp1252"/>
    <property name="java.class.path" value="C:\maven project\webappinstagram\target\test-classes;C:\maven project\webappinstagram\target\classes;C:\Users\001A70744\.m2\repository\junit\junit\4.11\junit-4.11.jar;C:\Users\001A70744\.m2\repository\org\hamcrest\hamcrest-core\1.3\hamcrest-core-1.3.jar;C:\Users\001A70744\.m2\repository\com\google\apis\google-api-services-mapsengine\v1-rev66-1.21.0\google-api-services-mapsengine-v1-rev66-1.21.0.jar;C:\Users\001A70744\.m2\repository\com\google\api-client\google-api-client\1.21.0\google-api-client-1.21.0.jar;C:\Users\001A70744\.m2\repository\com\google\oauth-client\google-oauth-client\1.21.0\google-oauth-client-1.21.0.jar;C:\Users\001A70744\.m2\repository\com\google\http-client\google-http-client\1.21.0\google-http-client-1.21.0.jar;C:\Users\001A70744\.m2\repository\org\apache\httpcomponents\httpclient\4.0.1\httpclient-4.0.1.jar;C:\Users\001A70744\.m2\repository\org\apache\httpcomponents\httpcore\4.0.1\httpcore-4.0.1.jar;C:\Users\001A70744\.m2\repository\commons-logging\commons-logging\1.1.1\commons-logging-1.1.1.jar;C:\Users\001A70744\.m2\repository\commons-codec\commons-codec\1.3\commons-codec-1.3.jar;C:\Users\001A70744\.m2\repository\com\google\code\findbugs\jsr305\1.3.9\jsr305-1.3.9.jar;C:\Users\001A70744\.m2\repository\com\google\http-client\google-http-client-jackson2\1.21.0\google-http-client-jackson2-1.21.0.jar;C:\Users\001A70744\.m2\repository\com\google\guava\guava-jdk5\17.0\guava-jdk5-17.0.jar;C:\Users\001A70744\.m2\repository\org\springframework\boot\spring-boot-starter-social-facebook\1.5.22.RELEASE\spring-boot-starter-social-facebook-1.5.22.RELEASE.jar;C:\Users\001A70744\.m2\repository\org\springframework\boot\spring-boot-starter\1.5.22.RELEASE\spring-boot-starter-1.5.22.RELEASE.jar;C:\Users\001A70744\.m2\repository\org\springframework\boot\spring-boot\1.5.22.RELEASE\spring-boot-1.5.22.RELEASE.jar;C:\Users\001A70744\.m2\repository\org\springframework\spring-context\4.3.25.RELEASE\spring-context-4.3.25.RELEASE.jar;C:\Users\001A70744\.m2\repository\org\springframework\boot\spring-boot-autoconfigure\1.5.22.RELEASE\spring-boot-autoconfigure-1.5.22.RELEASE.jar;C:\Users\001A70744\.m2\repository\org\springframework\boot\spring-boot-starter-logging\1.5.22.RELEASE\spring-boot-starter-logging-1.5.22.RELEASE.jar;C:\Users\001A70744\.m2\repository\ch\qos\logback\logback-classic\1.1.11\logback-classic-1.1.11.jar;C:\Users\001A70744\.m2\repository\ch\qos\logback\logback-core\1.1.11\logback-core-1.1.11.jar;C:\Users\001A70744\.m2\repository\org\slf4j\slf4j-api\1.7.22\slf4j-api-1.7.22.jar;C:\Users\001A70744\.m2\repository\org\slf4j\jcl-over-slf4j\1.7.26\jcl-over-slf4j-1.7.26.jar;C:\Users\001A70744\.m2\repository\org\slf4j\jul-to-slf4j\1.7.26\jul-to-slf4j-1.7.26.jar;C:\Users\001A70744\.m2\repository\org\slf4j\log4j-over-slf4j\1.7.26\log4j-over-slf4j-1.7.26.jar;C:\Users\001A70744\.m2\repository\org\springframework\spring-core\4.3.25.RELEASE\spring-core-4.3.25.RELEASE.jar;C:\Users\001A70744\.m2\repository\org\yaml\snakeyaml\1.17\snakeyaml-1.17.jar;C:\Users\001A70744\.m2\repository\org\springframework\boot\spring-boot-starter-web\1.5.22.RELEASE\spring-boot-starter-web-1.5.22.RELEASE.jar;C:\Users\001A70744\.m2\repository\org\springframework\boot\spring-boot-starter-tomcat\1.5.22.RELEASE\spring-boot-starter-tomcat-1.5.22.RELEASE.jar;C:\Users\001A70744\.m2\repository\org\apache\tomcat\embed\tomcat-embed-core\8.5.43\tomcat-embed-core-8.5.43.jar;C:\Users\001A70744\.m2\repository\org\apache\tomcat\tomcat-annotations-api\8.5.43\tomcat-annotations-api-8.5.43.jar;C:\Users\001A70744\.m2\repository\org\apache\tomcat\embed\tomcat-embed-el\8.5.43\tomcat-embed-el-8.5.43.jar;C:\Users\001A70744\.m2\repository\org\apache\tomcat\embed\tomcat-embed-websocket\8.5.43\tomcat-embed-websocket-8.5.43.jar;C:\Users\001A70744\.m2\repository\org\hibernate\hibernate-validator\5.3.6.Final\hibernate-validator-5.3.6.Final.jar;C:\Users\001A70744\.m2\repository\javax\validation\validation-api\1.1.0.Final\validation-api-1.1.0.Final.jar;C:\Users\001A70744\.m2\repository\org\jboss\logging\jboss-logging\3.3.0.Final\jboss-logging-3.3.0.Final.jar;C:\Users\001A70744\.m2\repository\com\fasterxml\classmate\1.3.1\classmate-1.3.1.jar;C:\Users\001A70744\.m2\repository\com\fasterxml\jackson\core\jackson-databind\2.8.11.3\jackson-databind-2.8.11.3.jar;C:\Users\001A70744\.m2\repository\org\springframework\spring-web\4.3.25.RELEASE\spring-web-4.3.25.RELEASE.jar;C:\Users\001A70744\.m2\repository\org\springframework\spring-aop\4.3.25.RELEASE\spring-aop-4.3.25.RELEASE.jar;C:\Users\001A70744\.m2\repository\org\springframework\spring-beans\4.3.25.RELEASE\spring-beans-4.3.25.RELEASE.jar;C:\Users\001A70744\.m2\repository\org\springframework\spring-webmvc\4.3.25.RELEASE\spring-webmvc-4.3.25.RELEASE.jar;C:\Users\001A70744\.m2\repository\org\springframework\spring-expression\4.3.25.RELEASE\spring-expression-4.3.25.RELEASE.jar;C:\Users\001A70744\.m2\repository\org\springframework\social\spring-social-config\1.1.6.RELEASE\spring-social-config-1.1.6.RELEASE.jar;C:\Users\001A70744\.m2\repository\org\springframework\social\spring-social-core\1.1.6.RELEASE\spring-social-core-1.1.6.RELEASE.jar;C:\Users\001A70744\.m2\repository\org\springframework\social\spring-social-web\1.1.6.RELEASE\spring-social-web-1.1.6.RELEASE.jar;C:\Users\001A70744\.m2\repository\javax\inject\javax.inject\1\javax.inject-1.jar;C:\Users\001A70744\.m2\repository\org\springframework\social\spring-social-facebook\2.0.3.RELEASE\spring-social-facebook-2.0.3.RELEASE.jar;C:\Users\001A70744\.m2\repository\com\fasterxml\jackson\core\jackson-core\2.6.1\jackson-core-2.6.1.jar;C:\Users\001A70744\.m2\repository\com\fasterxml\jackson\core\jackson-annotations\2.6.1\jackson-annotations-2.6.1.jar;"/>
    <property name="java.vm.vendor" value="Oracle Corporation"/>
    <property name="sun.arch.data.model" value="64"/>
    <property name="user.variant" value=""/>
    <property name="java.vendor.url" value="https://java.oracle.com/"/>
    <property name="user.timezone" value="Asia/Calcutta"/>
    <property name="os.name" value="Windows 11"/>
    <property name="java.vm.specification.version" value="17"/>
    <property name="sun.java.launcher" value="SUN_STANDARD"/>
    <property name="user.country" value="IN"/>
    <property name="sun.boot.library.path" value="C:\Program Files\Java\jdk-17.0.5\bin"/>
    <property name="sun.java.command" value="C:\Users\001A70~1\AppData\Local\Temp\surefire8826037170009224171\surefirebooter6014539563054555117.jar C:\Users\001A70744\AppData\Local\Temp\surefire8826037170009224171 2023-03-21T06-38-56_140-jvmRun1 surefire18204818451215231549tmp surefire_08424029147191599881tmp"/>
    <property name="jdk.debug" value="release"/>
    <property name="surefire.test.class.path" value="C:\maven project\webappinstagram\target\test-classes;C:\maven project\webappinstagram\target\classes;C:\Users\001A70744\.m2\repository\junit\junit\4.11\junit-4.11.jar;C:\Users\001A70744\.m2\repository\org\hamcrest\hamcrest-core\1.3\hamcrest-core-1.3.jar;C:\Users\001A70744\.m2\repository\com\google\apis\google-api-services-mapsengine\v1-rev66-1.21.0\google-api-services-mapsengine-v1-rev66-1.21.0.jar;C:\Users\001A70744\.m2\repository\com\google\api-client\google-api-client\1.21.0\google-api-client-1.21.0.jar;C:\Users\001A70744\.m2\repository\com\google\oauth-client\google-oauth-client\1.21.0\google-oauth-client-1.21.0.jar;C:\Users\001A70744\.m2\repository\com\google\http-client\google-http-client\1.21.0\google-http-client-1.21.0.jar;C:\Users\001A70744\.m2\repository\org\apache\httpcomponents\httpclient\4.0.1\httpclient-4.0.1.jar;C:\Users\001A70744\.m2\repository\org\apache\httpcomponents\httpcore\4.0.1\httpcore-4.0.1.jar;C:\Users\001A70744\.m2\repository\commons-logging\commons-logging\1.1.1\commons-logging-1.1.1.jar;C:\Users\001A70744\.m2\repository\commons-codec\commons-codec\1.3\commons-codec-1.3.jar;C:\Users\001A70744\.m2\repository\com\google\code\findbugs\jsr305\1.3.9\jsr305-1.3.9.jar;C:\Users\001A70744\.m2\repository\com\google\http-client\google-http-client-jackson2\1.21.0\google-http-client-jackson2-1.21.0.jar;C:\Users\001A70744\.m2\repository\com\google\guava\guava-jdk5\17.0\guava-jdk5-17.0.jar;C:\Users\001A70744\.m2\repository\org\springframework\boot\spring-boot-starter-social-facebook\1.5.22.RELEASE\spring-boot-starter-social-facebook-1.5.22.RELEASE.jar;C:\Users\001A70744\.m2\repository\org\springframework\boot\spring-boot-starter\1.5.22.RELEASE\spring-boot-starter-1.5.22.RELEASE.jar;C:\Users\001A70744\.m2\repository\org\springframework\boot\spring-boot\1.5.22.RELEASE\spring-boot-1.5.22.RELEASE.jar;C:\Users\001A70744\.m2\repository\org\springframework\spring-context\4.3.25.RELEASE\spring-context-4.3.25.RELEASE.jar;C:\Users\001A70744\.m2\repository\org\springframework\boot\spring-boot-autoconfigure\1.5.22.RELEASE\spring-boot-autoconfigure-1.5.22.RELEASE.jar;C:\Users\001A70744\.m2\repository\org\springframework\boot\spring-boot-starter-logging\1.5.22.RELEASE\spring-boot-starter-logging-1.5.22.RELEASE.jar;C:\Users\001A70744\.m2\repository\ch\qos\logback\logback-classic\1.1.11\logback-classic-1.1.11.jar;C:\Users\001A70744\.m2\repository\ch\qos\logback\logback-core\1.1.11\logback-core-1.1.11.jar;C:\Users\001A70744\.m2\repository\org\slf4j\slf4j-api\1.7.22\slf4j-api-1.7.22.jar;C:\Users\001A70744\.m2\repository\org\slf4j\jcl-over-slf4j\1.7.26\jcl-over-slf4j-1.7.26.jar;C:\Users\001A70744\.m2\repository\org\slf4j\jul-to-slf4j\1.7.26\jul-to-slf4j-1.7.26.jar;C:\Users\001A70744\.m2\repository\org\slf4j\log4j-over-slf4j\1.7.26\log4j-over-slf4j-1.7.26.jar;C:\Users\001A70744\.m2\repository\org\springframework\spring-core\4.3.25.RELEASE\spring-core-4.3.25.RELEASE.jar;C:\Users\001A70744\.m2\repository\org\yaml\snakeyaml\1.17\snakeyaml-1.17.jar;C:\Users\001A70744\.m2\repository\org\springframework\boot\spring-boot-starter-web\1.5.22.RELEASE\spring-boot-starter-web-1.5.22.RELEASE.jar;C:\Users\001A70744\.m2\repository\org\springframework\boot\spring-boot-starter-tomcat\1.5.22.RELEASE\spring-boot-starter-tomcat-1.5.22.RELEASE.jar;C:\Users\001A70744\.m2\repository\org\apache\tomcat\embed\tomcat-embed-core\8.5.43\tomcat-embed-core-8.5.43.jar;C:\Users\001A70744\.m2\repository\org\apache\tomcat\tomcat-annotations-api\8.5.43\tomcat-annotations-api-8.5.43.jar;C:\Users\001A70744\.m2\repository\org\apache\tomcat\embed\tomcat-embed-el\8.5.43\tomcat-embed-el-8.5.43.jar;C:\Users\001A70744\.m2\repository\org\apache\tomcat\embed\tomcat-embed-websocket\8.5.43\tomcat-embed-websocket-8.5.43.jar;C:\Users\001A70744\.m2\repository\org\hibernate\hibernate-validator\5.3.6.Final\hibernate-validator-5.3.6.Final.jar;C:\Users\001A70744\.m2\repository\javax\validation\validation-api\1.1.0.Final\validation-api-1.1.0.Final.jar;C:\Users\001A70744\.m2\repository\org\jboss\logging\jboss-logging\3.3.0.Final\jboss-logging-3.3.0.Final.jar;C:\Users\001A70744\.m2\repository\com\fasterxml\classmate\1.3.1\classmate-1.3.1.jar;C:\Users\001A70744\.m2\repository\com\fasterxml\jackson\core\jackson-databind\2.8.11.3\jackson-databind-2.8.11.3.jar;C:\Users\001A70744\.m2\repository\org\springframework\spring-web\4.3.25.RELEASE\spring-web-4.3.25.RELEASE.jar;C:\Users\001A70744\.m2\repository\org\springframework\spring-aop\4.3.25.RELEASE\spring-aop-4.3.25.RELEASE.jar;C:\Users\001A70744\.m2\repository\org\springframework\spring-beans\4.3.25.RELEASE\spring-beans-4.3.25.RELEASE.jar;C:\Users\001A70744\.m2\repository\org\springframework\spring-webmvc\4.3.25.RELEASE\spring-webmvc-4.3.25.RELEASE.jar;C:\Users\001A70744\.m2\repository\org\springframework\spring-expression\4.3.25.RELEASE\spring-expression-4.3.25.RELEASE.jar;C:\Users\001A70744\.m2\repository\org\springframework\social\spring-social-config\1.1.6.RELEASE\spring-social-config-1.1.6.RELEASE.jar;C:\Users\001A70744\.m2\repository\org\springframework\social\spring-social-core\1.1.6.RELEASE\spring-social-core-1.1.6.RELEASE.jar;C:\Users\001A70744\.m2\repository\org\springframework\social\spring-social-web\1.1.6.RELEASE\spring-social-web-1.1.6.RELEASE.jar;C:\Users\001A70744\.m2\repository\javax\inject\javax.inject\1\javax.inject-1.jar;C:\Users\001A70744\.m2\repository\org\springframework\social\spring-social-facebook\2.0.3.RELEASE\spring-social-facebook-2.0.3.RELEASE.jar;C:\Users\001A70744\.m2\repository\com\fasterxml\jackson\core\jackson-core\2.6.1\jackson-core-2.6.1.jar;C:\Users\001A70744\.m2\repository\com\fasterxml\jackson\core\jackson-annotations\2.6.1\jackson-annotations-2.6.1.jar;"/>
    <property name="sun.cpu.endian" value="little"/>
    <property name="user.home" value="C:\Users\001A70744"/>
    <property name="user.language" value="en"/>
    <property name="java.specification.vendor" value="Oracle Corporation"/>
    <property name="java.version.date" value="2022-10-18"/>
    <property name="java.home" value="C:\Program Files\Java\jdk-17.0.5"/>
    <property name="file.separator" value="\"/>
    <property name="basedir" value="C:\maven project\webappinstagram"/>
    <property name="java.vm.compressedOopsMode" value="Zero based"/>
    <property name="line.separator" value="&#10;"/>
    <property name="java.vm.specification.vendor" value="Oracle Corporation"/>
    <property name="java.specification.name" value="Java Platform API Specification"/>
    <property name="surefire.real.class.path" value="C:\Users\001A70~1\AppData\Local\Temp\surefire8826037170009224171\surefirebooter6014539563054555117.jar"/>
    <property name="user.script" value=""/>
    <property name="sun.management.compiler" value="HotSpot 64-Bit Tiered Compilers"/>
    <property name="java.runtime.version" value="17.0.5+9-LTS-191"/>
    <property name="user.name" value="001A70744"/>
    <property name="path.separator" value=";"/>
    <property name="os.version" value="10.0"/>
    <property name="java.runtime.name" value="Java(TM) SE Runtime Environment"/>
    <property name="file.encoding" value="Cp1252"/>
    <property name="java.vm.name" value="Java HotSpot(TM) 64-Bit Server VM"/>
    <property name="localRepository" value="C:\Users\001A70744\.m2\repository"/>
    <property name="java.vendor.url.bug" value="https://bugreport.java.com/bugreport/"/>
    <property name="java.io.tmpdir" value="C:\Users\001A70~1\AppData\Local\Temp\"/>
    <property name="java.version" value="17.0.5"/>
    <property name="user.dir" value="C:\maven project\webappinstagram"/>
    <property name="os.arch" value="amd64"/>
    <property name="java.vm.specification.name" value="Java Virtual Machine Specification"/>
    <property name="sun.os.patch.level" value=""/>
    <property name="native.encoding" value="Cp1252"/>
    <property name="java.library.path" value="C:\Program Files\Java\jdk-17.0.5\bin;C:\WINDOWS\Sun\Java\bin;C:\WINDOWS\system32;C:\WINDOWS;C:\Users\001A70744\bin;C:\Program Files\Git\mingw64\bin;C:\Program Files\Git\usr\local\bin;C:\Program Files\Git\usr\bin;C:\Program Files\Git\usr\bin;C:\Program Files\Git\mingw64\bin;C:\Program Files\Git\usr\bin;C:\Users\001A70744\bin;C:\Program Files (x86)\VMware\VMware Player\bin;C:\Program Files\Common Files\Oracle\Java\javapath;C:\WINDOWS\system32;C:\WINDOWS;C:\WINDOWS\System32\Wbem;C:\WINDOWS\System32\WindowsPowerShell\v1.0;C:\WINDOWS\System32\OpenSSH;C:\Program Files\Git\cmd;C:\Program Files\Java\jdk-18.0.2.1\bin;C:\maven\apache-maven-3.8.6-bin\apache-maven-3.8.6\bin;C:\Program Files\Docker\Docker\resources\bin;C:\Users\001A70744\AppData\Local\Microsoft\WindowsApps;C:\Program Files\Git\usr\bin\vendor_perl;C:\Program Files\Git\usr\bin\core_perl;."/>
    <property name="java.vm.info" value="mixed mode, sharing"/>
    <property name="java.vendor" value="Oracle Corporation"/>
    <property name="java.vm.version" value="17.0.5+9-LTS-191"/>
    <property name="sun.io.unicode.encoding" value="UnicodeLittle"/>
    <property name="java.class.version" value="61.0"/>
  </properties>
  <testcase name="shouldAnswerWithTrue" classname="com.instagram.AppTest" time="0.002"/>
</testsuite>